29/04/2021 23:59:50	Este registro contiene información acerca de la operación de importación de esquema en el proyecto 'RedArbor.BBDD' del equipo 'DESKTOP-EMIVPDK' por el usuario 'keizu'.
29/04/2021 23:59:50	Se inició la importación del esquema de la base de datos.
30/04/2021 0:00:00	Recopilando credenciales de la base de datos
30/04/2021 0:00:00	Recopilando opciones de base de datos
30/04/2021 0:00:00	Recopilando la opción de configuración de ámbito de la base de datos genérica
30/04/2021 0:00:00	Recopilando usuarios
30/04/2021 0:00:00	Recopilando roles
30/04/2021 0:00:00	Recopilando roles de aplicación
30/04/2021 0:00:00	Recopilando pertenencias a roles
30/04/2021 0:00:01	Recopilando grupos de archivos
30/04/2021 0:00:01	Recopilando catálogos de texto completo
30/04/2021 0:00:01	Recopilando ensamblados
30/04/2021 0:00:01	Recopilando certificados
30/04/2021 0:00:01	Recopilando claves asimétricas
30/04/2021 0:00:01	Recopilando claves simétricas
30/04/2021 0:00:01	Recopilando claves simétricas cifradas
30/04/2021 0:00:01	Recopilando esquemas
30/04/2021 0:00:01	Recopilando colecciones de esquemas XML
30/04/2021 0:00:01	Recopilando tipos de datos definidos por el usuario
30/04/2021 0:00:01	Recopilando tipos definidos por el usuario
30/04/2021 0:00:01	Recopilando tipos de tabla
30/04/2021 0:00:01	Recopilando claves únicas para tipos de tabla
30/04/2021 0:00:01	Recopilando claves principales para tipos de tabla
30/04/2021 0:00:01	Recopilando índices para tipos de tablas
30/04/2021 0:00:01	Recopilando restricciones CHECK para tipos de tabla
30/04/2021 0:00:01	Recopilando restricciones DEFAULT para tipos de tabla
30/04/2021 0:00:01	Recopilando funciones de partición
30/04/2021 0:00:01	Recopilando esquemas de partición
30/04/2021 0:00:36	Recopilando funciones
30/04/2021 0:00:36	Recopilando funciones cifradas
30/04/2021 0:00:36	Recopilando agregados
30/04/2021 0:00:36	Recopilando procedimientos
30/04/2021 0:00:36	Recopilando procedimientos cifrados
30/04/2021 0:00:36	Recopilando tablas
30/04/2021 0:00:36	Recopilando claves principales
30/04/2021 0:00:36	Recopilando restricciones UNIQUE
30/04/2021 0:00:36	Recopilando claves externas
30/04/2021 0:00:49	Recopilando restricciones DEFAULT
30/04/2021 0:00:49	Recopilando restricciones CHECK
30/04/2021 0:00:49	Recopilando vistas
30/04/2021 0:00:49	Recopilando vistas cifradas
30/04/2021 0:00:49	Recopilando índices
30/04/2021 0:00:49	Recopilando estadísticas
30/04/2021 0:00:49	Recopilando listas de palabras irrelevantes de índices de texto completo
30/04/2021 0:00:49	Recopilando listas de propiedades de búsqueda
30/04/2021 0:00:49	Recopilando propiedades de búsqueda
30/04/2021 0:00:49	Recopilando índices de texto completo
30/04/2021 0:00:49	Recopilando índices de almacenamiento de columnas
30/04/2021 0:01:00	Recopilando índices espaciales
30/04/2021 0:01:00	Recopilando índices XML
30/04/2021 0:01:00	Recopilando índices XML selectivos
30/04/2021 0:01:00	Recopilando desencadenadores cifrados
30/04/2021 0:01:00	Recopilando desencadenadores
30/04/2021 0:01:00	Recopilando DDL triggers cifrados y de CLR
30/04/2021 0:01:00	Recopilando DDL triggers
30/04/2021 0:01:00	Recopilando sinónimos
30/04/2021 0:01:00	Recopilando valores predeterminados
30/04/2021 0:01:15	Recopilando enlaces UDDT de restricción de datos
30/04/2021 0:01:15	Recopilando reglas
30/04/2021 0:01:15	Recopilando enlaces UDDT de restricción de datos
30/04/2021 0:01:15	Recopilando tipos de mensaje
30/04/2021 0:01:15	Recopilando colas
30/04/2021 0:01:15	Recopilando contratos
30/04/2021 0:01:15	Recopilando servicios
30/04/2021 0:01:15	Recopilando notificaciones de eventos
30/04/2021 0:01:15	Recopilando enlaces de servicio remoto
30/04/2021 0:01:15	Recopilando prioridades de Broker
30/04/2021 0:01:15	Recopilando firmas
30/04/2021 0:01:15	Recopilando opciones de compresión de datos
30/04/2021 0:01:15	Recopilando tipos de secuencia
30/04/2021 0:01:15	Recopilando directivas de seguridad
30/04/2021 0:01:15	Recopilar claves de cifrado de columna
30/04/2021 0:01:15	Recopilando claves maestras de columna
30/04/2021 0:01:15	Recopilando orígenes de datos externos
30/04/2021 0:01:15	Recopilando formatos de archivo externos
30/04/2021 0:01:15	Recopilando tablas externas
30/04/2021 0:01:15	Recopilando propiedades extendidas
30/04/2021 0:01:15	Buscando elementos duplicados en el proyecto
30/04/2021 0:01:15	Ha finalizado el procesamiento de los elementos duplicados
30/04/2021 0:01:15	Finalizó la importación de la base de datos.
30/04/2021 0:01:15	Se guardó un resumen de la importación en la siguiente ubicación: C:\Users\keizu\source\WebApiRedarbor\RedArbor.BBDD\Registros de importación de esquemas\RedArbor.BBDD_20210429095950.log
30/04/2021 0:01:15	Haga clic en Finalizar para continuar...
